Using pre-set license
Built from '2021.3/staging' branch; Version is '2021.3.16f1 (4016570cf34f) revision 4200023'; Using compiler version '192829333'; Build Type 'Release'
OS: 'Windows 10  (10.0.19045) 64bit Core' Language: 'en' Physical Memory: 49031 MB
BatchMode: 1, IsHumanControllingUs: 0, StartBugReporterOnCrash: 0, Is64bit: 1, IsPro: 1

COMMAND LINE ARGUMENTS:
C:\Program Files\Unity\Hub\Editor\2021.3.16f1\Editor\Unity.exe
-adb2
-batchMode
-noUpm
-name
AssetImportWorker0
-projectPath
C:/Users/scott/Documents/GitHub/vrCapstone
-logFile
Logs/AssetImportWorker0.log
-srvPort
60694
Successfully changed project path to: C:/Users/scott/Documents/GitHub/vrCapstone
C:/Users/scott/Documents/GitHub/vrCapstone
[UnityMemory] Configuration Parameters - Can be set up in boot.config
    "memorysetup-bucket-allocator-granularity=16"
    "memorysetup-bucket-allocator-bucket-count=8"
    "memorysetup-bucket-allocator-block-size=33554432"
    "memorysetup-bucket-allocator-block-count=8"
    "memorysetup-main-allocator-block-size=16777216"
    "memorysetup-thread-allocator-block-size=16777216"
    "memorysetup-gfx-main-allocator-block-size=16777216"
    "memorysetup-gfx-thread-allocator-block-size=16777216"
    "memorysetup-cache-allocator-block-size=4194304"
    "memorysetup-typetree-allocator-block-size=2097152"
    "memorysetup-profiler-bucket-allocator-granularity=16"
    "memorysetup-profiler-bucket-allocator-bucket-count=8"
    "memorysetup-profiler-bucket-allocator-block-size=33554432"
    "memorysetup-profiler-bucket-allocator-block-count=8"
    "memorysetup-profiler-allocator-block-size=16777216"
    "memorysetup-profiler-editor-allocator-block-size=1048576"
    "memorysetup-temp-allocator-size-main=16777216"
    "memorysetup-job-temp-allocator-block-size=2097152"
    "memorysetup-job-temp-allocator-block-size-background=1048576"
    "memorysetup-job-temp-allocator-reduction-small-platforms=262144"
    "memorysetup-temp-allocator-size-background-worker=32768"
    "memorysetup-temp-allocator-size-job-worker=262144"
    "memorysetup-temp-allocator-size-preload-manager=33554432"
    "memorysetup-temp-allocator-size-nav-mesh-worker=65536"
    "memorysetup-temp-allocator-size-audio-worker=65536"
    "memorysetup-temp-allocator-size-cloud-worker=32768"
    "memorysetup-temp-allocator-size-gi-baking-worker=262144"
    "memorysetup-temp-allocator-size-gfx=262144"
Player connection [10892] Host "[IP] 192.168.1.36 [Port] 0 [Flags] 2 [Guid] 1599832384 [EditorId] 1599832384 [Version] 1048832 [Id] WindowsEditor(7,scott-desktop) [Debug] 1 [PackageName] WindowsEditor [ProjectName] Editor" joined multi-casting on [225.0.0.222:54997]...

Player connection [10892] Host "[IP] 192.168.1.36 [Port] 0 [Flags] 2 [Guid] 1599832384 [EditorId] 1599832384 [Version] 1048832 [Id] WindowsEditor(7,scott-desktop) [Debug] 1 [PackageName] WindowsEditor [ProjectName] Editor" joined alternative multi-casting on [225.0.0.222:34997]...

Refreshing native plugins compatible for Editor in 100.38 ms, found 14 plugins.
Preloading 0 native plugins for Editor in 0.00 ms.
Initialize engine version: 2021.3.16f1 (4016570cf34f)
[Subsystems] Discovering subsystems at path C:/Program Files/Unity/Hub/Editor/2021.3.16f1/Editor/Data/Resources/UnitySubsystems
[Subsystems] Discovering subsystems at path C:/Users/scott/Documents/GitHub/vrCapstone/Assets
GfxDevice: creating device client; threaded=0; jobified=0
Direct3D:
    Version:  Direct3D 11.0 [level 11.1]
    Renderer: NVIDIA GeForce RTX 3060 (ID=0x2504)
    Vendor:   NVIDIA
    VRAM:     12129 MB
    Driver:   31.0.15.2698
Initialize mono
Mono path[0] = 'C:/Program Files/Unity/Hub/Editor/2021.3.16f1/Editor/Data/Managed'
Mono path[1] = 'C:/Program Files/Unity/Hub/Editor/2021.3.16f1/Editor/Data/MonoBleedingEdge/lib/mono/unityjit-win32'
Mono config path = 'C:/Program Files/Unity/Hub/Editor/2021.3.16f1/Editor/Data/MonoBleedingEdge/etc'
Using monoOptions --debugger-agent=transport=dt_socket,embedding=1,server=y,suspend=n,address=127.0.0.1:56624
Begin MonoManager ReloadAssembly
Registering precompiled unity dll's ...
Register platform support module: C:/Program Files/Unity/Hub/Editor/2021.3.16f1/Editor/Data/PlaybackEngines/WebGLSupport/UnityEditor.WebGL.Extensions.dll
Register platform support module: C:/Program Files/Unity/Hub/Editor/2021.3.16f1/Editor/Data/PlaybackEngines/WindowsStandaloneSupport/UnityEditor.WindowsStandalone.Extensions.dll
Register platform support module: C:/Program Files/Unity/Hub/Editor/2021.3.16f1/Editor/Data/PlaybackEngines/MetroSupport/UnityEditor.UWP.Extensions.dll
Registered in 0.009485 seconds.
Native extension for UWP target not found
Native extension for WindowsStandalone target not found
Native extension for WebGL target not found
Refreshing native plugins compatible for Editor in 88.88 ms, found 14 plugins.
Preloading 0 native plugins for Editor in 0.00 ms.
Mono: successfully reloaded assembly
- Completed reload, in  0.575 seconds
Domain Reload Profiling:
	ReloadAssembly (575ms)
		BeginReloadAssembly (58ms)
			ExecutionOrderSort (0ms)
			DisableScriptedObjects (0ms)
			BackupInstance (0ms)
			ReleaseScriptingObjects (0ms)
			CreateAndSetChildDomain (1ms)
		EndReloadAssembly (423ms)
			LoadAssemblies (56ms)
			RebuildTransferFunctionScriptingTraits (0ms)
			SetupTypeCache (97ms)
			ReleaseScriptCaches (0ms)
			RebuildScriptCaches (22ms)
			SetupLoadedEditorAssemblies (254ms)
				LogAssemblyErrors (0ms)
				InitializePlatformSupportModulesInManaged (8ms)
				SetLoadedEditorAssemblies (0ms)
				RefreshPlugins (89ms)
				BeforeProcessingInitializeOnLoad (1ms)
				ProcessInitializeOnLoadAttributes (114ms)
				ProcessInitializeOnLoadMethodAttributes (41ms)
				AfterProcessingInitializeOnLoad (0ms)
				EditorAssembliesLoaded (0ms)
			ExecutionOrderSort2 (0ms)
			AwakeInstancesAfterBackupRestoration (0ms)
Platform modules already initialized, skipping
Registering precompiled user dll's ...
Registered in 0.008758 seconds.
Begin MonoManager ReloadAssembly
Symbol file LoadedFromMemory doesn't match image C:\Users\scott\Documents\GitHub\vrCapstone\Library\PackageCache\com.unity.visualscripting@1.7.8\Editor\VisualScripting.Core\Dependencies\DotNetZip\Unity.VisualScripting.IonicZip.dll
Symbol file LoadedFromMemory doesn't match image C:\Users\scott\Documents\GitHub\vrCapstone\Library\PackageCache\com.unity.visualscripting@1.7.8\Editor\VisualScripting.Core\Dependencies\YamlDotNet\Unity.VisualScripting.YamlDotNet.dll
Native extension for UWP target not found
Native extension for WindowsStandalone target not found
Native extension for WebGL target not found
Refreshing native plugins compatible for Editor in 88.32 ms, found 14 plugins.
Preloading 0 native plugins for Editor in 0.00 ms.
System.Exception: Error! Visual Scripting: couldn't find visual scripting package
  at Unity.VisualScripting.PackageVersionUtility.get_version () [0x00043] in C:\Users\scott\Documents\GitHub\vrCapstone\Library\PackageCache\com.unity.visualscripting@1.7.8\Editor\VisualScripting.Core\Utilities\PackageVersionUtility.cs:31 
  at Unity.VisualScripting.BoltCoreManifest.get_version () [0x00000] in C:\Users\scott\Documents\GitHub\vrCapstone\Library\PackageCache\com.unity.visualscripting@1.7.8\Editor\VisualScripting.Core\Plugin\BoltCoreManifest.cs:11 
  at Unity.VisualScripting.PluginManifest.get_currentVersion () [0x00000] in C:\Users\scott\Documents\GitHub\vrCapstone\Library\PackageCache\com.unity.visualscripting@1.7.8\Editor\VisualScripting.Core\Plugins\PluginManifest.cs:33 
  at Unity.VisualScripting.PluginManifest.get_versionMismatch () [0x00000] in C:\Users\scott\Documents\GitHub\vrCapstone\Library\PackageCache\com.unity.visualscripting@1.7.8\Editor\VisualScripting.Core\Plugins\PluginManifest.cs:48 
  at Unity.VisualScripting.PluginContainer.Initialize () [0x00525] in C:\Users\scott\Documents\GitHub\vrCapstone\Library\PackageCache\com.unity.visualscripting@1.7.8\Editor\VisualScripting.Core\Plugins\PluginContainer.cs:208 
  at Unity.VisualScripting.PluginContainer.InitializeOnLoad () [0x00009] in C:\Users\scott\Documents\GitHub\vrCapstone\Library\PackageCache\com.unity.visualscripting@1.7.8\Editor\VisualScripting.Core\Plugins\PluginContainer.cs:32 
  at Unity.VisualScripting.VSUsageUtility.DoInitializeOnLoadCalls () [0x00034] in C:\Users\scott\Documents\GitHub\vrCapstone\Library\PackageCache\com.unity.visualscripting@1.7.8\Editor\VisualScripting.Core\Utilities\VSUsageUtility.cs:76 
  at Unity.VisualScripting.VSUsageUtility.set_isVisualScriptingUsed (System.Boolean value) [0x0002c] in C:\Users\scott\Documents\GitHub\vrCapstone\Library\PackageCache\com.unity.visualscripting@1.7.8\Editor\VisualScripting.Core\Utilities\VSUsageUtility.cs:114 
  at Unity.VisualScripting.VSUsageUtility.CheckAndSetIsVisualScriptingUsed () [0x00032] in C:\Users\scott\Documents\GitHub\vrCapstone\Library\PackageCache\com.unity.visualscripting@1.7.8\Editor\VisualScripting.Core\Utilities\VSUsageUtility.cs:48 
  at Unity.VisualScripting.VSUsageUtility..cctor () [0x00000] in C:\Users\scott\Documents\GitHub\vrCapstone\Library\PackageCache\com.unity.visualscripting@1.7.8\Editor\VisualScripting.Core\Utilities\VSUsageUtility.cs:22 
UnityEngine.StackTraceUtility:ExtractStackTrace ()
UnityEngine.DebugLogHandler:LogFormat (UnityEngine.LogType,UnityEngine.Object,string,object[])
UnityEngine.Logger:Log (UnityEngine.LogType,object)
UnityEngine.Debug:LogError (object)
UnityEditor.EditorAssemblies:ProcessInitializeOnLoadAttributes (System.Type[])

Package Manager log level set to [2]
[XR] [MROpenXR][Info   ][09:47:40.152746][tid:2a8c] MeshProvider_RegisterLifecycleProvider
[XR] [MROpenXR][Info   ][09:47:40.152821][tid:2a8c] InputProvider_RegisterLifecycleProvider
[XR] Error loading subsystem: Display (1) (header mismatch?)
[XR] [MROpenXR][Info   ][09:47:40.154025][tid:2a8c] OnPluginStarted UnityVersion=2021.3.16f1 OpenXRPluginVersion=1.5.3 MROpenXRPluginVersion=1.5.1.0 PartA_PrivTags=33554432
Mono: successfully reloaded assembly
- Completed reload, in  1.764 seconds
Domain Reload Profiling:
	ReloadAssembly (1764ms)
		BeginReloadAssembly (100ms)
			ExecutionOrderSort (0ms)
			DisableScriptedObjects (5ms)
			BackupInstance (0ms)
			ReleaseScriptingObjects (0ms)
			CreateAndSetChildDomain (16ms)
		EndReloadAssembly (1556ms)
			LoadAssemblies (89ms)
			RebuildTransferFunctionScriptingTraits (0ms)
			SetupTypeCache (301ms)
			ReleaseScriptCaches (1ms)
			RebuildScriptCaches (69ms)
			SetupLoadedEditorAssemblies (1052ms)
				LogAssemblyErrors (0ms)
				InitializePlatformSupportModulesInManaged (6ms)
				SetLoadedEditorAssemblies (0ms)
				RefreshPlugins (88ms)
				BeforeProcessingInitializeOnLoad (126ms)
				ProcessInitializeOnLoadAttributes (785ms)
				ProcessInitializeOnLoadMethodAttributes (39ms)
				AfterProcessingInitializeOnLoad (7ms)
				EditorAssembliesLoaded (0ms)
			ExecutionOrderSort2 (0ms)
			AwakeInstancesAfterBackupRestoration (5ms)
Platform modules already initialized, skipping
========================================================================
Worker process is ready to serve import requests
Launched and connected shader compiler UnityShaderCompiler.exe after 0.03 seconds
Refreshing native plugins compatible for Editor in 1.60 ms, found 14 plugins.
Preloading 0 native plugins for Editor in 0.00 ms.
Unloading 5457 Unused Serialized files (Serialized files now loaded: 0)
Unloading 54 unused Assets / (58.4 KB). Loaded Objects now: 5927.
Memory consumption went from 188.7 MB to 188.7 MB.
Total: 11.165400 ms (FindLiveObjects: 0.441800 ms CreateObjectMapping: 0.445100 ms MarkObjects: 10.172100 ms  DeleteObjects: 0.105300 ms)

AssetImportParameters requested are different than current active one (requested -> active):
  custom:video-decoder-ogg-theora: a1e56fd34408186e4bbccfd4996cb3dc -> 
  custom:container-muxer-webm: aa71ff27fc2769a1b78a27578f13a17b -> 
  custom:container-demuxer-webm: 4f35f7cbe854078d1ac9338744f61a02 -> 
  custom:video-encoder-webm-vp8: eb34c28f22e8b96e1ab97ce403110664 -> 
  custom:audio-encoder-webm-vorbis: bf7c407c2cedff20999df2af8eb42d56 -> 
  custom:framework-win-MediaFoundation: 216162199b28c13a410421893ffa2e32 -> 
  custom:container-demuxer-ogg: 62fdf1f143b41e24485cea50d1cbac27 -> 
  custom:video-decoder-webm-vp8: 9c59270c3fd7afecdb556c50c9e8de78 -> 
  custom:audio-decoder-ogg-vorbis: bf7c407c2cedff20999df2af8eb42d56 -> 
========================================================================
Received Import Request.
  Time since last request: 1251.376616 seconds.
  path: Assets/final/hvac.prefab
  artifactKey: Guid(20661cb1eb278864d83981becd3cdcf9) Importer(815301076,1909f56bfc062723c751e8b465ee728b)
Start importing Assets/final/hvac.prefab using Guid(20661cb1eb278864d83981becd3cdcf9) Importer(815301076,1909f56bfc062723c751e8b465ee728b)  -> (artifact id: 'a5db347235b57b78ae4a658eaf2122a4') in 0.273707 seconds 
========================================================================
Received Import Request.
  Time since last request: 0.000022 seconds.
  path: Assets/final/emebeds.prefab
  artifactKey: Guid(b26885d099209364a9b23d46a111131a) Importer(815301076,1909f56bfc062723c751e8b465ee728b)
Start importing Assets/final/emebeds.prefab using Guid(b26885d099209364a9b23d46a111131a) Importer(815301076,1909f56bfc062723c751e8b465ee728b)  -> (artifact id: '16456bf6774b72dd6036a9e4ba303c63') in 0.076192 seconds 
========================================================================
Received Import Request.
  Time since last request: 17.326883 seconds.
  path: Packages/com.microsoft.mixedreality.toolkit.foundation/SDK/Features/UX/Materials/BoundingBox.mat
  artifactKey: Guid(4a9aae3094118f44593e7f8000e24c31) Importer(815301076,1909f56bfc062723c751e8b465ee728b)
Start importing Packages/com.microsoft.mixedreality.toolkit.foundation/SDK/Features/UX/Materials/BoundingBox.mat using Guid(4a9aae3094118f44593e7f8000e24c31) Importer(815301076,1909f56bfc062723c751e8b465ee728b)  -> (artifact id: 'e03b468d7033d09f99d8b8c9f817628d') in 0.109734 seconds 
========================================================================
Received Import Request.
  Time since last request: 0.000022 seconds.
  path: Packages/com.microsoft.mixedreality.toolkit.foundation/SDK/Features/UX/Interactable/Materials/HolographicBackPlateThickBorder.mat
  artifactKey: Guid(f9326c3bd04b792498b7ba61c1aaeeb9) Importer(815301076,1909f56bfc062723c751e8b465ee728b)
Start importing Packages/com.microsoft.mixedreality.toolkit.foundation/SDK/Features/UX/Interactable/Materials/HolographicBackPlateThickBorder.mat using Guid(f9326c3bd04b792498b7ba61c1aaeeb9) Importer(815301076,1909f56bfc062723c751e8b465ee728b)  -> (artifact id: '5cc21ed9a7f5cbb188a30851d0f20252') in 0.060571 seconds 
========================================================================
Received Import Request.
  Time since last request: 0.000018 seconds.
  path: Packages/com.microsoft.mixedreality.toolkit.foundation/SDK/Features/UX/Materials/BoundingBoxSlate.mat
  artifactKey: Guid(6f044b5d95469d64ea8feb1225b1d5fa) Importer(815301076,1909f56bfc062723c751e8b465ee728b)
Start importing Packages/com.microsoft.mixedreality.toolkit.foundation/SDK/Features/UX/Materials/BoundingBoxSlate.mat using Guid(6f044b5d95469d64ea8feb1225b1d5fa) Importer(815301076,1909f56bfc062723c751e8b465ee728b)  -> (artifact id: '53ac7fe8d228054bd7388655c3c12abf') in 0.094557 seconds 
========================================================================
Received Import Request.
  Time since last request: 0.000018 seconds.
  path: Packages/com.microsoft.mixedreality.toolkit.foundation/SDK/Features/UX/Interactable/Materials/HolographicBackPlateGrabbable.mat
  artifactKey: Guid(b422ff31060379342bb34bf8c22239e6) Importer(815301076,1909f56bfc062723c751e8b465ee728b)
Start importing Packages/com.microsoft.mixedreality.toolkit.foundation/SDK/Features/UX/Interactable/Materials/HolographicBackPlateGrabbable.mat using Guid(b422ff31060379342bb34bf8c22239e6) Importer(815301076,1909f56bfc062723c751e8b465ee728b)  -> (artifact id: '2e8ae358052dd754228537cf2eccaddb') in 0.108635 seconds 
========================================================================
Received Import Request.
  Time since last request: 0.000026 seconds.
  path: Packages/com.microsoft.mixedreality.toolkit.standardassets/Fonts/selawkl.ttf
  artifactKey: Guid(e65983ad3f7b44aa81e726d5ffb472d7) Importer(815301076,1909f56bfc062723c751e8b465ee728b)
Start importing Packages/com.microsoft.mixedreality.toolkit.standardassets/Fonts/selawkl.ttf using Guid(e65983ad3f7b44aa81e726d5ffb472d7) Importer(815301076,1909f56bfc062723c751e8b465ee728b)  -> (artifact id: '312cdd4ab0c6a982cacacdc4b0f2e33c') in 0.022010 seconds 
========================================================================
Received Import Request.
  Time since last request: 0.000019 seconds.
  path: Packages/com.microsoft.mixedreality.toolkit.foundation/SDK/Features/UX/Interactable/Materials/HolographicButtonIconCheckBoxOn.mat
  artifactKey: Guid(1ccfc827337533c49897a0179bda4e6e) Importer(815301076,1909f56bfc062723c751e8b465ee728b)
Start importing Packages/com.microsoft.mixedreality.toolkit.foundation/SDK/Features/UX/Interactable/Materials/HolographicButtonIconCheckBoxOn.mat using Guid(1ccfc827337533c49897a0179bda4e6e) Importer(815301076,1909f56bfc062723c751e8b465ee728b)  -> (artifact id: '64069c3c713f3b803bbfca6ae9591aac') in 0.033781 seconds 
========================================================================
Received Import Request.
  Time since last request: 0.000020 seconds.
  path: Packages/com.microsoft.mixedreality.toolkit.foundation/SDK/Features/UX/Interactable/Materials/HolographicButtonIconCamera.mat
  artifactKey: Guid(943fce092bd9aea49808ff09b520bf74) Importer(815301076,1909f56bfc062723c751e8b465ee728b)
Start importing Packages/com.microsoft.mixedreality.toolkit.foundation/SDK/Features/UX/Interactable/Materials/HolographicButtonIconCamera.mat using Guid(943fce092bd9aea49808ff09b520bf74) Importer(815301076,1909f56bfc062723c751e8b465ee728b)  -> (artifact id: '0359a1bb00621b740b8e98f19cea39ef') in 0.032058 seconds 
========================================================================
Received Import Request.
  Time since last request: 0.000019 seconds.
  path: Packages/com.microsoft.mixedreality.toolkit.standardassets/Fonts/selawk.ttf
  artifactKey: Guid(e48b920555144c6da3ee2ab03f0fda88) Importer(815301076,1909f56bfc062723c751e8b465ee728b)
Start importing Packages/com.microsoft.mixedreality.toolkit.standardassets/Fonts/selawk.ttf using Guid(e48b920555144c6da3ee2ab03f0fda88) Importer(815301076,1909f56bfc062723c751e8b465ee728b)  -> (artifact id: 'f1fd4ff6f98025c70ad3cf10c037c2e4') in 0.012348 seconds 
========================================================================
Received Import Request.
  Time since last request: 0.000018 seconds.
  path: Packages/com.microsoft.mixedreality.toolkit.foundation/SDK/StandardAssets/Controllers/Visuals/Models/generic-controller/left.glb
  artifactKey: Guid(3571524ae1cc5b5428d87fd85a3a9f4c) Importer(815301076,1909f56bfc062723c751e8b465ee728b)
Start importing Packages/com.microsoft.mixedreality.toolkit.foundation/SDK/StandardAssets/Controllers/Visuals/Models/generic-controller/left.glb using Guid(3571524ae1cc5b5428d87fd85a3a9f4c) Importer(815301076,1909f56bfc062723c751e8b465ee728b)  -> (artifact id: '61fc0db513746249200c0a3ec40dbb28') in 0.449701 seconds 
========================================================================
Received Import Request.
  Time since last request: 0.000023 seconds.
  path: Packages/com.microsoft.mixedreality.toolkit.foundation/SDK/Features/UX/Interactable/Materials/ColorButton.mat
  artifactKey: Guid(745567f5ce7a31346bc19e4f940b9203) Importer(815301076,1909f56bfc062723c751e8b465ee728b)
Start importing Packages/com.microsoft.mixedreality.toolkit.foundation/SDK/Features/UX/Interactable/Materials/ColorButton.mat using Guid(745567f5ce7a31346bc19e4f940b9203) Importer(815301076,1909f56bfc062723c751e8b465ee728b)  -> (artifact id: 'a7d84dd3c9dc4cf0627124c006b70630') in 0.059121 seconds 
========================================================================
Received Import Request.
  Time since last request: 0.000031 seconds.
  path: Packages/com.microsoft.mixedreality.toolkit.foundation/SDK/Features/UX/Interactable/Materials/HolographicBox.mat
  artifactKey: Guid(759c267043bbdb14797cc0a594891352) Importer(815301076,1909f56bfc062723c751e8b465ee728b)
Start importing Packages/com.microsoft.mixedreality.toolkit.foundation/SDK/Features/UX/Interactable/Materials/HolographicBox.mat using Guid(759c267043bbdb14797cc0a594891352) Importer(815301076,1909f56bfc062723c751e8b465ee728b)  -> (artifact id: 'fb1c64c349a378d1aaa78d3f0731d10b') in 0.079513 seconds 
========================================================================
Received Import Request.
  Time since last request: 0.000028 seconds.
  path: Packages/com.microsoft.mixedreality.toolkit.foundation/SDK/Features/UX/Interactable/Materials/HolographicButtonContentCageProximityUnityUI.mat
  artifactKey: Guid(576d8c5677ec60c459961421ebe64e99) Importer(815301076,1909f56bfc062723c751e8b465ee728b)
Start importing Packages/com.microsoft.mixedreality.toolkit.foundation/SDK/Features/UX/Interactable/Materials/HolographicButtonContentCageProximityUnityUI.mat using Guid(576d8c5677ec60c459961421ebe64e99) Importer(815301076,1909f56bfc062723c751e8b465ee728b)  -> (artifact id: 'f8bdb54dd400f3e10041d6c4caca4200') in 0.087755 seconds 
========================================================================
Received Import Request.
  Time since last request: 17.347009 seconds.
  path: Packages/com.microsoft.mixedreality.toolkit.foundation/SDK/StandardAssets/Prefabs/Text/3DTextSelawikLight.prefab
  artifactKey: Guid(670aca8db3bb6294581d6493f3e32380) Importer(815301076,1909f56bfc062723c751e8b465ee728b)
Start importing Packages/com.microsoft.mixedreality.toolkit.foundation/SDK/StandardAssets/Prefabs/Text/3DTextSelawikLight.prefab using Guid(670aca8db3bb6294581d6493f3e32380) Importer(815301076,1909f56bfc062723c751e8b465ee728b)  -> (artifact id: 'fceb637b115b9d35a4a16490bfc7e776') in 0.007782 seconds 
========================================================================
Received Import Request.
  Time since last request: 0.000022 seconds.
  path: Packages/com.microsoft.mixedreality.toolkit.foundation/SDK/StandardAssets/Prefabs/32x32mm_Square.prefab
  artifactKey: Guid(9215a7c858170d74fb2257375d5feaf1) Importer(815301076,1909f56bfc062723c751e8b465ee728b)
Start importing Packages/com.microsoft.mixedreality.toolkit.foundation/SDK/StandardAssets/Prefabs/32x32mm_Square.prefab using Guid(9215a7c858170d74fb2257375d5feaf1) Importer(815301076,1909f56bfc062723c751e8b465ee728b)  -> (artifact id: 'df30a76f92d355b06e040c953cd13b12') in 0.011410 seconds 
========================================================================
Received Import Request.
  Time since last request: 0.000018 seconds.
  path: Packages/com.microsoft.mixedreality.toolkit.foundation/SDK/Features/UX/Prefabs/Hands/HandJointGizmo.prefab
  artifactKey: Guid(3e8988bbb870e1a4a81fd2c177b29865) Importer(815301076,1909f56bfc062723c751e8b465ee728b)
Start importing Packages/com.microsoft.mixedreality.toolkit.foundation/SDK/Features/UX/Prefabs/Hands/HandJointGizmo.prefab using Guid(3e8988bbb870e1a4a81fd2c177b29865) Importer(815301076,1909f56bfc062723c751e8b465ee728b)  -> (artifact id: 'd2282fa1b76626c047884b9b5482e55c') in 0.014581 seconds 
========================================================================
Received Import Request.
  Time since last request: 0.000020 seconds.
  path: Packages/com.microsoft.mixedreality.toolkit.foundation/SDK/Features/UX/Prefabs/HandCoach/InteractionHint_L.prefab
  artifactKey: Guid(33969ce6b44fe404f9f60e8031eade87) Importer(815301076,1909f56bfc062723c751e8b465ee728b)
Start importing Packages/com.microsoft.mixedreality.toolkit.foundation/SDK/Features/UX/Prefabs/HandCoach/InteractionHint_L.prefab using Guid(33969ce6b44fe404f9f60e8031eade87) Importer(815301076,1909f56bfc062723c751e8b465ee728b)  -> (artifact id: '6baeff2970cff0d03d69957bb37e1c0f') in 0.108482 seconds 
========================================================================
Received Import Request.
  Time since last request: 0.000028 seconds.
  path: Packages/com.microsoft.mixedreality.toolkit.foundation/SDK/Features/UX/Prefabs/Pointers/GrabPointer.prefab
  artifactKey: Guid(526b854247016cf47bc5c58e01d82407) Importer(815301076,1909f56bfc062723c751e8b465ee728b)
Start importing Packages/com.microsoft.mixedreality.toolkit.foundation/SDK/Features/UX/Prefabs/Pointers/GrabPointer.prefab using Guid(526b854247016cf47bc5c58e01d82407) Importer(815301076,1909f56bfc062723c751e8b465ee728b)  -> (artifact id: '3f79a93ad35a184798f9c4f331a57127') in 0.108612 seconds 
========================================================================
Received Import Request.
  Time since last request: 0.000030 seconds.
  path: Packages/com.microsoft.mixedreality.toolkit.foundation/SDK/Features/UX/Prefabs/Cursors/CursorMoveArrowsNorthSouth.prefab
  artifactKey: Guid(15700cca0c876c840a30db2bef89f29f) Importer(815301076,1909f56bfc062723c751e8b465ee728b)
Start importing Packages/com.microsoft.mixedreality.toolkit.foundation/SDK/Features/UX/Prefabs/Cursors/CursorMoveArrowsNorthSouth.prefab using Guid(15700cca0c876c840a30db2bef89f29f) Importer(815301076,1909f56bfc062723c751e8b465ee728b)  -> (artifact id: '179ff2a115a186ad32d5bb11f4be13b4') in 0.050653 seconds 
========================================================================
Received Import Request.
  Time since last request: 0.000032 seconds.
  path: Packages/com.microsoft.mixedreality.toolkit.foundation/SDK/Features/UX/Prefabs/Cursors/CursorRest.prefab
  artifactKey: Guid(594ffe039afd6a64dbf45b2a3366a438) Importer(815301076,1909f56bfc062723c751e8b465ee728b)
Start importing Packages/com.microsoft.mixedreality.toolkit.foundation/SDK/Features/UX/Prefabs/Cursors/CursorRest.prefab using Guid(594ffe039afd6a64dbf45b2a3366a438) Importer(815301076,1909f56bfc062723c751e8b465ee728b)  -> (artifact id: 'd73d20e03c6a706c94fb3353bc8f2d85') in 0.018711 seconds 
========================================================================
Received Import Request.
  Time since last request: 0.000021 seconds.
  path: Packages/com.microsoft.mixedreality.toolkit.foundation/SDK/StandardAssets/Controllers/ControllerLeft.prefab
  artifactKey: Guid(60b24c9a73f9f5549b32035f8c864cc7) Importer(815301076,1909f56bfc062723c751e8b465ee728b)
Start importing Packages/com.microsoft.mixedreality.toolkit.foundation/SDK/StandardAssets/Controllers/ControllerLeft.prefab using Guid(60b24c9a73f9f5549b32035f8c864cc7) Importer(815301076,1909f56bfc062723c751e8b465ee728b)  -> (artifact id: '184774f5e28a395bca1ede4f47257514') in 0.027473 seconds 
========================================================================
Received Import Request.
  Time since last request: 0.000020 seconds.
  path: Packages/com.microsoft.mixedreality.toolkit.foundation/SDK/Features/UX/Prefabs/Cursors/CursorPress.prefab
  artifactKey: Guid(5928c86d2f03f4b4ea7e0e5b6a1087ae) Importer(815301076,1909f56bfc062723c751e8b465ee728b)
Start importing Packages/com.microsoft.mixedreality.toolkit.foundation/SDK/Features/UX/Prefabs/Cursors/CursorPress.prefab using Guid(5928c86d2f03f4b4ea7e0e5b6a1087ae) Importer(815301076,1909f56bfc062723c751e8b465ee728b)  -> (artifact id: 'f3e9ef82f38ca3f55bc4e1a55f0c3a44') in 0.012355 seconds 
========================================================================
Received Import Request.
  Time since last request: 0.000022 seconds.
  path: Packages/com.microsoft.mixedreality.toolkit.foundation/SDK/Features/UX/Prefabs/Pointers/ConicalGrabPointer.prefab
  artifactKey: Guid(c2fde7a8938065b459cff79b8ed89393) Importer(815301076,1909f56bfc062723c751e8b465ee728b)
Start importing Packages/com.microsoft.mixedreality.toolkit.foundation/SDK/Features/UX/Prefabs/Pointers/ConicalGrabPointer.prefab using Guid(c2fde7a8938065b459cff79b8ed89393) Importer(815301076,1909f56bfc062723c751e8b465ee728b)  -> (artifact id: '566d383447159ef85f5440e5a8aec6b9') in 0.013830 seconds 
========================================================================
Received Import Request.
  Time since last request: 0.000020 seconds.
  path: Packages/com.microsoft.mixedreality.toolkit.foundation/SDK/StandardAssets/Controllers/GizmoLeft.prefab
  artifactKey: Guid(626257b1a6cd47c2a32a18cf75b2fb23) Importer(815301076,1909f56bfc062723c751e8b465ee728b)
Start importing Packages/com.microsoft.mixedreality.toolkit.foundation/SDK/StandardAssets/Controllers/GizmoLeft.prefab using Guid(626257b1a6cd47c2a32a18cf75b2fb23) Importer(815301076,1909f56bfc062723c751e8b465ee728b)  -> (artifact id: 'd72ae84d6e1aedad1f8fdd9b0aecaf3a') in 0.014066 seconds 
========================================================================
Received Import Request.
  Time since last request: 0.000018 seconds.
  path: Packages/com.microsoft.mixedreality.toolkit.foundation/SDK/StandardAssets/Controllers/HandSkeleton.prefab
  artifactKey: Guid(378f91dbbff9e2343b27a467467750bf) Importer(815301076,1909f56bfc062723c751e8b465ee728b)
Start importing Packages/com.microsoft.mixedreality.toolkit.foundation/SDK/StandardAssets/Controllers/HandSkeleton.prefab using Guid(378f91dbbff9e2343b27a467467750bf) Importer(815301076,1909f56bfc062723c751e8b465ee728b)  -> (artifact id: 'ba905bcccc0f7004fcfffd7ea50a42d4') in 0.007855 seconds 
========================================================================
Received Import Request.
  Time since last request: 0.000018 seconds.
  path: Packages/com.microsoft.mixedreality.toolkit.foundation/SDK/Features/UX/Prefabs/Hands/HandJointSmall.prefab
  artifactKey: Guid(6a3f88d2571cd234a86d95ee5856b9ec) Importer(815301076,1909f56bfc062723c751e8b465ee728b)
Start importing Packages/com.microsoft.mixedreality.toolkit.foundation/SDK/Features/UX/Prefabs/Hands/HandJointSmall.prefab using Guid(6a3f88d2571cd234a86d95ee5856b9ec) Importer(815301076,1909f56bfc062723c751e8b465ee728b)  -> (artifact id: '19ca5497a32ac5acb2408f1ed85f42bf') in 0.060233 seconds 
========================================================================
Received Import Request.
  Time since last request: 0.000021 seconds.
  path: Packages/com.microsoft.mixedreality.toolkit.foundation/SDK/StandardAssets/Prefabs/ArticulatedHandMesh.prefab
  artifactKey: Guid(a86f479797fea8f4189f924b3b6ad979) Importer(815301076,1909f56bfc062723c751e8b465ee728b)
Start importing Packages/com.microsoft.mixedreality.toolkit.foundation/SDK/StandardAssets/Prefabs/ArticulatedHandMesh.prefab using Guid(a86f479797fea8f4189f924b3b6ad979) Importer(815301076,1909f56bfc062723c751e8b465ee728b)  -> (artifact id: 'e11301d0e1d6bd5c21aa178bf9efc4d3') in 0.168067 seconds 
========================================================================
Received Import Request.
  Time since last request: 1.476276 seconds.
  path: Packages/com.microsoft.mixedreality.toolkit.foundation/SDK/Features/UX/Meshes/HolographicButton/CompoundButtonMeshes.fbx
  artifactKey: Guid(b566bbce04d66f4428421e81a3af0299) Importer(815301076,1909f56bfc062723c751e8b465ee728b)
Start importing Packages/com.microsoft.mixedreality.toolkit.foundation/SDK/Features/UX/Meshes/HolographicButton/CompoundButtonMeshes.fbx using Guid(b566bbce04d66f4428421e81a3af0299) Importer(815301076,1909f56bfc062723c751e8b465ee728b)  -> (artifact id: '2bd30f7ad7401c9d6a37d675c11a156c') in 0.085097 seconds 
========================================================================
Received Import Request.
  Time since last request: 0.000025 seconds.
  path: Packages/com.microsoft.mixedreality.toolkit.foundation/SDK/Features/UX/Meshes/Cursors/Cursor_Press_geo.fbx
  artifactKey: Guid(caf154e80e62ac7439f2b35a96114c28) Importer(815301076,1909f56bfc062723c751e8b465ee728b)
Start importing Packages/com.microsoft.mixedreality.toolkit.foundation/SDK/Features/UX/Meshes/Cursors/Cursor_Press_geo.fbx using Guid(caf154e80e62ac7439f2b35a96114c28) Importer(815301076,1909f56bfc062723c751e8b465ee728b)  -> (artifact id: 'fea464c95cc3e1a16e474e84e0af686d') in 0.016209 seconds 
========================================================================
Received Import Request.
  Time since last request: 0.000022 seconds.
  path: Packages/com.microsoft.mixedreality.toolkit.foundation/SDK/StandardAssets/Models/Model_Icosa.fbx
  artifactKey: Guid(bb88669a3463b36438d9225a3ecd3a35) Importer(815301076,1909f56bfc062723c751e8b465ee728b)
Start importing Packages/com.microsoft.mixedreality.toolkit.foundation/SDK/StandardAssets/Models/Model_Icosa.fbx using Guid(bb88669a3463b36438d9225a3ecd3a35) Importer(815301076,1909f56bfc062723c751e8b465ee728b)  -> (artifact id: 'ea91b27b32919809c4f2fbec1fd424e3') in 0.095779 seconds 
========================================================================
Received Import Request.
  Time since last request: 0.000022 seconds.
  path: Packages/com.microsoft.mixedreality.toolkit.foundation/SDK/Features/UX/Meshes/Cursors/DefaultCursor.fbx
  artifactKey: Guid(ceae3a0d54734302818fcee506300fef) Importer(815301076,1909f56bfc062723c751e8b465ee728b)
Start importing Packages/com.microsoft.mixedreality.toolkit.foundation/SDK/Features/UX/Meshes/Cursors/DefaultCursor.fbx using Guid(ceae3a0d54734302818fcee506300fef) Importer(815301076,1909f56bfc062723c751e8b465ee728b)  -> (artifact id: '18911833a4d4bc8eb38e1159552ead51') in 0.073132 seconds 
Editor requested this worker to shutdown with reason: Scaling down because of idle timeout
AssetImportWorker is now disconnected from the server
Process exiting
Exiting without the bug reporter. Application will terminate with return code 0